<?xml version="1.0" encoding="UTF-8"?>
<testsuite name="com.mindex.challenge.ChallengeApplicationTests" tests="1" skipped="0" failures="0" errors="0" timestamp="2021-04-17T01:45:45" hostname="Namratas-MBP" time="0.001">
  <properties/>
  <testcase name="contextLoads" classname="com.mindex.challenge.ChallengeApplicationTests" time="0.001"/>
  <system-out><![CDATA[2021-04-16 21:45:45.626  INFO 5232 --- [    Test worker] .b.t.c.SpringBootTestContextBootstrapper : Neither @ContextConfiguration nor @ContextHierarchy found for test class [com.mindex.challenge.ChallengeApplicationTests], using SpringBootContextLoader
2021-04-16 21:45:45.627  INFO 5232 --- [    Test worker] o.s.t.c.support.AbstractContextLoader    : Could not detect default resource locations for test class [com.mindex.challenge.ChallengeApplicationTests]: no resource found for suffixes {-context.xml, Context.groovy}.
2021-04-16 21:45:45.627  INFO 5232 --- [    Test worker] t.c.s.AnnotationConfigContextLoaderUtils : Could not detect default configuration classes for test class [com.mindex.challenge.ChallengeApplicationTests]: ChallengeApplicationTests does not declare any static, non-private, non-final, nested classes annotated with @Configuration.
2021-04-16 21:45:45.628  INFO 5232 --- [    Test worker] .b.t.c.SpringBootTestContextBootstrapper : Found @SpringBootConfiguration com.mindex.challenge.ChallengeApplication for test class com.mindex.challenge.ChallengeApplicationTests
2021-04-16 21:45:45.629  INFO 5232 --- [    Test worker] .b.t.c.SpringBootTestContextBootstrapper : Loaded default TestExecutionListener class names from location [META-INF/spring.factories]: [org.springframework.boot.test.autoconfigure.restdocs.RestDocsTestExecutionListener, org.springframework.boot.test.autoconfigure.web.client.MockRestServiceServerResetTestExecutionListener, org.springframework.boot.test.autoconfigure.web.servlet.MockMvcPrintOnlyOnFailureTestExecutionListener, org.springframework.boot.test.autoconfigure.web.servlet.WebDriverTestExecutionListener, org.springframework.boot.test.mock.mockito.MockitoTestExecutionListener, org.springframework.boot.test.mock.mockito.ResetMocksTestExecutionListener, org.springframework.test.context.web.ServletTestExecutionListener, org.springframework.test.context.support.DirtiesContextBeforeModesTestExecutionListener, org.springframework.test.context.support.DependencyInjectionTestExecutionListener, org.springframework.test.context.support.DirtiesContextTestExecutionListener, org.springframework.test.context.transaction.TransactionalTestExecutionListener, org.springframework.test.context.jdbc.SqlScriptsTestExecutionListener, org.springframework.test.context.event.EventPublishingTestExecutionListener]
2021-04-16 21:45:45.629  INFO 5232 --- [    Test worker] .b.t.c.SpringBootTestContextBootstrapper : Using TestExecutionListeners: [org.springframework.test.context.web.ServletTestExecutionListener@1e83dff7, org.springframework.test.context.support.DirtiesContextBeforeModesTestExecutionListener@6bc260ae, org.springframework.boot.test.mock.mockito.MockitoTestExecutionListener@63158842, org.springframework.boot.test.autoconfigure.SpringBootDependencyInjectionTestExecutionListener@434532a8, org.springframework.test.context.support.DirtiesContextTestExecutionListener@43b93150, org.springframework.test.context.transaction.TransactionalTestExecutionListener@3b06ee99, org.springframework.test.context.jdbc.SqlScriptsTestExecutionListener@749e2623, org.springframework.test.context.event.EventPublishingTestExecutionListener@1ea49a6a, org.springframework.boot.test.autoconfigure.restdocs.RestDocsTestExecutionListener@141d1b5f, org.springframework.boot.test.autoconfigure.web.client.MockRestServiceServerResetTestExecutionListener@18635d63, org.springframework.boot.test.autoconfigure.web.servlet.MockMvcPrintOnlyOnFailureTestExecutionListener@1dc9df72, org.springframework.boot.test.autoconfigure.web.servlet.WebDriverTestExecutionListener@2784716b, org.springframework.boot.test.mock.mockito.ResetMocksTestExecutionListener@5b3f4127]
]]></system-out>
  <system-err><![CDATA[]]></system-err>
</testsuite>
