<?xml version="1.0" encoding="UTF-8"?>
<testsuite name="com.mindex.challenge.service.impl.EmployeeServiceImplTest" tests="1" skipped="0" failures="0" errors="0" timestamp="2021-04-16T21:53:46" hostname="Namratas-MBP" time="0.029">
  <properties/>
  <testcase name="testCreateReadUpdate" classname="com.mindex.challenge.service.impl.EmployeeServiceImplTest" time="0.029"/>
  <system-out><![CDATA[2021-04-16 17:53:46.895  INFO 93111 --- [    Test worker] .b.t.c.SpringBootTestContextBootstrapper : Neither @ContextConfiguration nor @ContextHierarchy found for test class [com.mindex.challenge.service.impl.EmployeeServiceImplTest], using SpringBootContextLoader
2021-04-16 17:53:46.896  INFO 93111 --- [    Test worker] o.s.t.c.support.AbstractContextLoader    : Could not detect default resource locations for test class [com.mindex.challenge.service.impl.EmployeeServiceImplTest]: no resource found for suffixes {-context.xml, Context.groovy}.
2021-04-16 17:53:46.897  INFO 93111 --- [    Test worker] t.c.s.AnnotationConfigContextLoaderUtils : Could not detect default configuration classes for test class [com.mindex.challenge.service.impl.EmployeeServiceImplTest]: EmployeeServiceImplTest does not declare any static, non-private, non-final, nested classes annotated with @Configuration.
2021-04-16 17:53:46.898  INFO 93111 --- [    Test worker] .b.t.c.SpringBootTestContextBootstrapper : Found @SpringBootConfiguration com.mindex.challenge.ChallengeApplication for test class com.mindex.challenge.service.impl.EmployeeServiceImplTest
2021-04-16 17:53:46.899  INFO 93111 --- [    Test worker] .b.t.c.SpringBootTestContextBootstrapper : Loaded default TestExecutionListener class names from location [META-INF/spring.factories]: [org.springframework.boot.test.autoconfigure.restdocs.RestDocsTestExecutionListener, org.springframework.boot.test.autoconfigure.web.client.MockRestServiceServerResetTestExecutionListener, org.springframework.boot.test.autoconfigure.web.servlet.MockMvcPrintOnlyOnFailureTestExecutionListener, org.springframework.boot.test.autoconfigure.web.servlet.WebDriverTestExecutionListener, org.springframework.boot.test.mock.mockito.MockitoTestExecutionListener, org.springframework.boot.test.mock.mockito.ResetMocksTestExecutionListener, org.springframework.test.context.web.ServletTestExecutionListener, org.springframework.test.context.support.DirtiesContextBeforeModesTestExecutionListener, org.springframework.test.context.support.DependencyInjectionTestExecutionListener, org.springframework.test.context.support.DirtiesContextTestExecutionListener, org.springframework.test.context.transaction.TransactionalTestExecutionListener, org.springframework.test.context.jdbc.SqlScriptsTestExecutionListener, org.springframework.test.context.event.EventPublishingTestExecutionListener]
2021-04-16 17:53:46.899  INFO 93111 --- [    Test worker] .b.t.c.SpringBootTestContextBootstrapper : Using TestExecutionListeners: [org.springframework.test.context.web.ServletTestExecutionListener@ea34724, org.springframework.test.context.support.DirtiesContextBeforeModesTestExecutionListener@75229b85, org.springframework.boot.test.mock.mockito.MockitoTestExecutionListener@2e49760d, org.springframework.boot.test.autoconfigure.SpringBootDependencyInjectionTestExecutionListener@2bdde3ea, org.springframework.test.context.support.DirtiesContextTestExecutionListener@3f531bd2, org.springframework.test.context.transaction.TransactionalTestExecutionListener@5ecc510e, org.springframework.test.context.jdbc.SqlScriptsTestExecutionListener@3bd0bdc4, org.springframework.test.context.event.EventPublishingTestExecutionListener@7fd6dbe7, org.springframework.boot.test.autoconfigure.restdocs.RestDocsTestExecutionListener@58fcd244, org.springframework.boot.test.autoconfigure.web.client.MockRestServiceServerResetTestExecutionListener@6484ac74, org.springframework.boot.test.autoconfigure.web.servlet.MockMvcPrintOnlyOnFailureTestExecutionListener@5a8413bd, org.springframework.boot.test.autoconfigure.web.servlet.WebDriverTestExecutionListener@1344e2e9, org.springframework.boot.test.mock.mockito.ResetMocksTestExecutionListener@2d147c37]
2021-04-16 17:53:46.914 DEBUG 93111 --- [o-auto-1-exec-2] c.m.c.controller.EmployeeController      : Received employee create request for [com.mindex.challenge.data.Employee@380a43f0]
2021-04-16 17:53:46.914 DEBUG 93111 --- [o-auto-1-exec-2] c.m.c.service.impl.EmployeeServiceImpl   : Creating employee [com.mindex.challenge.data.Employee@380a43f0]
2021-04-16 17:53:46.919 DEBUG 93111 --- [o-auto-1-exec-3] c.m.c.controller.EmployeeController      : Received employee create request for id [09fc2116-27ce-4415-837c-8a1445361ecd]
2021-04-16 17:53:46.920 DEBUG 93111 --- [o-auto-1-exec-3] c.m.c.service.impl.EmployeeServiceImpl   : Creating employee with id [09fc2116-27ce-4415-837c-8a1445361ecd]
2021-04-16 17:53:46.927 DEBUG 93111 --- [o-auto-1-exec-4] c.m.c.controller.EmployeeController      : Received employee create request for id [09fc2116-27ce-4415-837c-8a1445361ecd] and employee [com.mindex.challenge.data.Employee@313609b1]
2021-04-16 17:53:46.927 DEBUG 93111 --- [o-auto-1-exec-4] c.m.c.service.impl.EmployeeServiceImpl   : Updating employee [com.mindex.challenge.data.Employee@313609b1]
]]></system-out>
  <system-err><![CDATA[]]></system-err>
</testsuite>
