<?xml version="1.0" encoding="UTF-8"?>
<testsuite name="com.mindex.challenge.DataBootstrapTest" tests="1" skipped="0" failures="0" errors="0" timestamp="2021-04-16T21:53:46" hostname="Namratas-MBP" time="0.007">
  <properties/>
  <testcase name="test" classname="com.mindex.challenge.DataBootstrapTest" time="0.007"/>
  <system-out><![CDATA[2021-04-16 17:53:46.365  INFO 93111 --- [    Test worker] .b.t.c.SpringBootTestContextBootstrapper : Neither @ContextConfiguration nor @ContextHierarchy found for test class [com.mindex.challenge.DataBootstrapTest], using SpringBootContextLoader
2021-04-16 17:53:46.367  INFO 93111 --- [    Test worker] o.s.t.c.support.AbstractContextLoader    : Could not detect default resource locations for test class [com.mindex.challenge.DataBootstrapTest]: no resource found for suffixes {-context.xml, Context.groovy}.
2021-04-16 17:53:46.367  INFO 93111 --- [    Test worker] t.c.s.AnnotationConfigContextLoaderUtils : Could not detect default configuration classes for test class [com.mindex.challenge.DataBootstrapTest]: DataBootstrapTest does not declare any static, non-private, non-final, nested classes annotated with @Configuration.
2021-04-16 17:53:46.370  INFO 93111 --- [    Test worker] .b.t.c.SpringBootTestContextBootstrapper : Found @SpringBootConfiguration com.mindex.challenge.ChallengeApplication for test class com.mindex.challenge.DataBootstrapTest
2021-04-16 17:53:46.371  INFO 93111 --- [    Test worker] .b.t.c.SpringBootTestContextBootstrapper : Loaded default TestExecutionListener class names from location [META-INF/spring.factories]: [org.springframework.boot.test.autoconfigure.restdocs.RestDocsTestExecutionListener, org.springframework.boot.test.autoconfigure.web.client.MockRestServiceServerResetTestExecutionListener, org.springframework.boot.test.autoconfigure.web.servlet.MockMvcPrintOnlyOnFailureTestExecutionListener, org.springframework.boot.test.autoconfigure.web.servlet.WebDriverTestExecutionListener, org.springframework.boot.test.mock.mockito.MockitoTestExecutionListener, org.springframework.boot.test.mock.mockito.ResetMocksTestExecutionListener, org.springframework.test.context.web.ServletTestExecutionListener, org.springframework.test.context.support.DirtiesContextBeforeModesTestExecutionListener, org.springframework.test.context.support.DependencyInjectionTestExecutionListener, org.springframework.test.context.support.DirtiesContextTestExecutionListener, org.springframework.test.context.transaction.TransactionalTestExecutionListener, org.springframework.test.context.jdbc.SqlScriptsTestExecutionListener, org.springframework.test.context.event.EventPublishingTestExecutionListener]
2021-04-16 17:53:46.371  INFO 93111 --- [    Test worker] .b.t.c.SpringBootTestContextBootstrapper : Using TestExecutionListeners: [org.springframework.test.context.web.ServletTestExecutionListener@7f8d2bcd, org.springframework.test.context.support.DirtiesContextBeforeModesTestExecutionListener@6106d2f3, org.springframework.boot.test.mock.mockito.MockitoTestExecutionListener@275a8267, org.springframework.boot.test.autoconfigure.SpringBootDependencyInjectionTestExecutionListener@3f1c8225, org.springframework.test.context.support.DirtiesContextTestExecutionListener@29d91548, org.springframework.test.context.transaction.TransactionalTestExecutionListener@7e1fcbca, org.springframework.test.context.jdbc.SqlScriptsTestExecutionListener@d2537d4, org.springframework.test.context.event.EventPublishingTestExecutionListener@56f391ff, org.springframework.boot.test.autoconfigure.restdocs.RestDocsTestExecutionListener@3761ad3c, org.springframework.boot.test.autoconfigure.web.client.MockRestServiceServerResetTestExecutionListener@37a07181, org.springframework.boot.test.autoconfigure.web.servlet.MockMvcPrintOnlyOnFailureTestExecutionListener@131f6b36, org.springframework.boot.test.autoconfigure.web.servlet.WebDriverTestExecutionListener@59296cc3, org.springframework.boot.test.mock.mockito.ResetMocksTestExecutionListener@631b3297]

  .   ____          _            __ _ _
 /\\ / ___'_ __ _ _(_)_ __  __ _ \ \ \ \
( ( )\___ | '_ | '_| | '_ \/ _` | \ \ \ \
 \\/  ___)| |_)| | | | | || (_| |  ) ) ) )
  '  |____| .__|_| |_|_| |_\__, | / / / /
 =========|_|==============|___/=/_/_/_/
 :: Spring Boot ::        (v2.2.0.RELEASE)

2021-04-16 17:53:46.394  INFO 93111 --- [    Test worker] com.mindex.challenge.DataBootstrapTest   : Starting DataBootstrapTest on Namratas-MBP with PID 93111 (started by namratabakre in /Users/namratabakre/Desktop/Mindex-Java-Challenge)
2021-04-16 17:53:46.394 DEBUG 93111 --- [    Test worker] com.mindex.challenge.DataBootstrapTest   : Running with Spring Boot v2.2.0.RELEASE, Spring v5.2.0.RELEASE
2021-04-16 17:53:46.395  INFO 93111 --- [    Test worker] com.mindex.challenge.DataBootstrapTest   : No active profile set, falling back to default profiles: default
2021-04-16 17:53:46.482  INFO 93111 --- [    Test worker] .s.d.r.c.RepositoryConfigurationDelegate : Bootstrapping Spring Data repositories in DEFAULT mode.
2021-04-16 17:53:46.486  INFO 93111 --- [    Test worker] .s.d.r.c.RepositoryConfigurationDelegate : Finished Spring Data repository scanning in 3ms. Found 1 repository interfaces.
2021-04-16 17:53:46.560  INFO 93111 --- [    Test worker] de.bwaldvogel.mongo.MongoServer          : started MongoServer(port: 62123, ssl: false)
2021-04-16 17:53:46.561  INFO 93111 --- [    Test worker] org.mongodb.driver.cluster               : Cluster created with settings {hosts=[127.0.0.1:62123], mode=SINGLE, requiredClusterType=UNKNOWN, serverSelectionTimeout='30000 ms', maxWaitQueueSize=500}
2021-04-16 17:53:46.563  INFO 93111 --- [-server-worker1] d.b.mongo.wire.MongoWireProtocolHandler  : client [id: 0x9f9357cd, L:/127.0.0.1:62123 - R:/127.0.0.1:62124] connected
2021-04-16 17:53:46.566  WARN 93111 --- [    Test worker] o.s.data.convert.CustomConversions       : Registering converter from class java.time.LocalDateTime to class java.time.Instant as reading converter although it doesn't convert from a store-supported type! You might wanna check you annotation setup at the converter implementation.
2021-04-16 17:53:46.566  WARN 93111 --- [    Test worker] o.s.data.convert.CustomConversions       : Registering converter from class java.time.Instant to class java.time.LocalDateTime as reading converter although it doesn't convert from a store-supported type! You might wanna check you annotation setup at the converter implementation.
2021-04-16 17:53:46.569  WARN 93111 --- [    Test worker] o.s.data.convert.CustomConversions       : Registering converter from class java.time.LocalDateTime to class java.time.Instant as reading converter although it doesn't convert from a store-supported type! You might wanna check you annotation setup at the converter implementation.
2021-04-16 17:53:46.569  WARN 93111 --- [    Test worker] o.s.data.convert.CustomConversions       : Registering converter from class java.time.Instant to class java.time.LocalDateTime as reading converter although it doesn't convert from a store-supported type! You might wanna check you annotation setup at the converter implementation.
2021-04-16 17:53:46.574  INFO 93111 --- [127.0.0.1:62123] org.mongodb.driver.connection            : Opened connection [connectionId{localValue:3}] to 127.0.0.1:62123
2021-04-16 17:53:46.575  INFO 93111 --- [127.0.0.1:62123] org.mongodb.driver.cluster               : Monitor thread successfully connected to server with description ServerDescription{address=127.0.0.1:62123, type=STANDALONE, state=CONNECTED, ok=true, version=ServerVersion{versionList=[3, 0, 0]}, minWireVersion=0, maxWireVersion=2, maxDocumentSize=16777216, logicalSessionTimeoutMinutes=null, roundTripTimeNanos=676199}
2021-04-16 17:53:46.612  INFO 93111 --- [-server-worker2] d.b.mongo.wire.MongoWireProtocolHandler  : client [id: 0x1e5332f2, L:/127.0.0.1:62123 - R:/127.0.0.1:62125] connected
2021-04-16 17:53:46.621  INFO 93111 --- [    Test worker] org.mongodb.driver.connection            : Opened connection [connectionId{localValue:4}] to 127.0.0.1:62123
2021-04-16 17:53:46.622  INFO 93111 --- [-server-worker2] d.b.mongo.backend.AbstractMongoBackend   : created database test
2021-04-16 17:53:46.622  INFO 93111 --- [-server-worker2] d.b.mongo.backend.AbstractMongoDatabase  : adding unique _id index for collection employee
2021-04-16 17:53:46.623  INFO 93111 --- [-server-worker2] d.b.mongo.backend.AbstractMongoDatabase  : created collection test.employee
2021-04-16 17:53:46.740  INFO 93111 --- [    Test worker] o.s.s.concurrent.ThreadPoolTaskExecutor  : Initializing ExecutorService 'applicationTaskExecutor'
2021-04-16 17:53:46.828  WARN 93111 --- [    Test worker] o.s.data.convert.CustomConversions       : Registering converter from class java.time.LocalDateTime to class java.time.Instant as reading converter although it doesn't convert from a store-supported type! You might wanna check you annotation setup at the converter implementation.
2021-04-16 17:53:46.828  WARN 93111 --- [    Test worker] o.s.data.convert.CustomConversions       : Registering converter from class java.time.Instant to class java.time.LocalDateTime as reading converter although it doesn't convert from a store-supported type! You might wanna check you annotation setup at the converter implementation.
2021-04-16 17:53:46.842  WARN 93111 --- [    Test worker] o.s.data.convert.CustomConversions       : Registering converter from class java.time.LocalDateTime to class java.time.Instant as reading converter although it doesn't convert from a store-supported type! You might wanna check you annotation setup at the converter implementation.
2021-04-16 17:53:46.842  WARN 93111 --- [    Test worker] o.s.data.convert.CustomConversions       : Registering converter from class java.time.Instant to class java.time.LocalDateTime as reading converter although it doesn't convert from a store-supported type! You might wanna check you annotation setup at the converter implementation.
2021-04-16 17:53:46.877  INFO 93111 --- [    Test worker] com.mindex.challenge.DataBootstrapTest   : Started DataBootstrapTest in 0.496 seconds (JVM running for 5.198)
]]></system-out>
  <system-err><![CDATA[]]></system-err>
</testsuite>
