<?xml version="1.0" encoding="UTF-8"?>
<testsuite name="com.mindex.challenge.service.impl.CompensationServiceImplTest" tests="1" skipped="0" failures="0" errors="0" timestamp="2021-04-17T01:45:45" hostname="Namratas-MBP" time="0.035">
  <properties/>
  <testcase name="testCreateReadUpdate" classname="com.mindex.challenge.service.impl.CompensationServiceImplTest" time="0.035"/>
  <system-out><![CDATA[2021-04-16 21:45:45.555  INFO 5232 --- [    Test worker] .b.t.c.SpringBootTestContextBootstrapper : Neither @ContextConfiguration nor @ContextHierarchy found for test class [com.mindex.challenge.service.impl.CompensationServiceImplTest], using SpringBootContextLoader
2021-04-16 21:45:45.556  INFO 5232 --- [    Test worker] o.s.t.c.support.AbstractContextLoader    : Could not detect default resource locations for test class [com.mindex.challenge.service.impl.CompensationServiceImplTest]: no resource found for suffixes {-context.xml, Context.groovy}.
2021-04-16 21:45:45.556  INFO 5232 --- [    Test worker] t.c.s.AnnotationConfigContextLoaderUtils : Could not detect default configuration classes for test class [com.mindex.challenge.service.impl.CompensationServiceImplTest]: CompensationServiceImplTest does not declare any static, non-private, non-final, nested classes annotated with @Configuration.
2021-04-16 21:45:45.557  INFO 5232 --- [    Test worker] .b.t.c.SpringBootTestContextBootstrapper : Found @SpringBootConfiguration com.mindex.challenge.ChallengeApplication for test class com.mindex.challenge.service.impl.CompensationServiceImplTest
2021-04-16 21:45:45.558  INFO 5232 --- [    Test worker] .b.t.c.SpringBootTestContextBootstrapper : Loaded default TestExecutionListener class names from location [META-INF/spring.factories]: [org.springframework.boot.test.autoconfigure.restdocs.RestDocsTestExecutionListener, org.springframework.boot.test.autoconfigure.web.client.MockRestServiceServerResetTestExecutionListener, org.springframework.boot.test.autoconfigure.web.servlet.MockMvcPrintOnlyOnFailureTestExecutionListener, org.springframework.boot.test.autoconfigure.web.servlet.WebDriverTestExecutionListener, org.springframework.boot.test.mock.mockito.MockitoTestExecutionListener, org.springframework.boot.test.mock.mockito.ResetMocksTestExecutionListener, org.springframework.test.context.web.ServletTestExecutionListener, org.springframework.test.context.support.DirtiesContextBeforeModesTestExecutionListener, org.springframework.test.context.support.DependencyInjectionTestExecutionListener, org.springframework.test.context.support.DirtiesContextTestExecutionListener, org.springframework.test.context.transaction.TransactionalTestExecutionListener, org.springframework.test.context.jdbc.SqlScriptsTestExecutionListener, org.springframework.test.context.event.EventPublishingTestExecutionListener]
2021-04-16 21:45:45.559  INFO 5232 --- [    Test worker] .b.t.c.SpringBootTestContextBootstrapper : Using TestExecutionListeners: [org.springframework.test.context.web.ServletTestExecutionListener@32a6c919, org.springframework.test.context.support.DirtiesContextBeforeModesTestExecutionListener@5aa93412, org.springframework.boot.test.mock.mockito.MockitoTestExecutionListener@4582d548, org.springframework.boot.test.autoconfigure.SpringBootDependencyInjectionTestExecutionListener@3a613c75, org.springframework.test.context.support.DirtiesContextTestExecutionListener@3e8bd421, org.springframework.test.context.transaction.TransactionalTestExecutionListener@2d917e46, org.springframework.test.context.jdbc.SqlScriptsTestExecutionListener@7eeac629, org.springframework.test.context.event.EventPublishingTestExecutionListener@4d5bdf15, org.springframework.boot.test.autoconfigure.restdocs.RestDocsTestExecutionListener@2d112043, org.springframework.boot.test.autoconfigure.web.client.MockRestServiceServerResetTestExecutionListener@bd408e9, org.springframework.boot.test.autoconfigure.web.servlet.MockMvcPrintOnlyOnFailureTestExecutionListener@23274c34, org.springframework.boot.test.autoconfigure.web.servlet.WebDriverTestExecutionListener@30178c32, org.springframework.boot.test.mock.mockito.ResetMocksTestExecutionListener@14a0a14b]
2021-04-16 21:45:45.575 DEBUG 5232 --- [o-auto-1-exec-2] c.m.c.controller.CompensationController  : Received employee create request for [com.mindex.challenge.data.Compensation@1cdef5ab]
2021-04-16 21:45:45.575 DEBUG 5232 --- [o-auto-1-exec-2] c.m.c.s.impl.CompensationServiceImpl     : Creating compensation [com.mindex.challenge.data.Compensation@1cdef5ab]
2021-04-16 21:45:45.575 DEBUG 5232 --- [o-auto-1-exec-2] c.m.c.s.impl.CompensationServiceImpl     : Unique ID created is: [d0a8e7a9-63a2-4db3-8a5d-7c757a08fdc8]
2021-04-16 21:45:45.580  INFO 5232 --- [-server-worker2] d.b.mongo.backend.AbstractMongoDatabase  : adding unique _id index for collection compensation
2021-04-16 21:45:45.580  INFO 5232 --- [-server-worker2] d.b.mongo.backend.AbstractMongoDatabase  : created collection test.compensation
2021-04-16 21:45:45.585 DEBUG 5232 --- [o-auto-1-exec-3] c.m.c.controller.CompensationController  : Received employee read request for id [d0a8e7a9-63a2-4db3-8a5d-7c757a08fdc8]
2021-04-16 21:45:45.585 DEBUG 5232 --- [o-auto-1-exec-3] c.m.c.s.impl.CompensationServiceImpl     : Reading compensation of employee with id [d0a8e7a9-63a2-4db3-8a5d-7c757a08fdc8]
]]></system-out>
  <system-err><![CDATA[]]></system-err>
</testsuite>
