<?xml version="1.0" encoding="UTF-8"?>
<testsuite name="com.mindex.challenge.service.impl.EmployeeServiceImplTest" tests="1" skipped="0" failures="0" errors="0" timestamp="2021-04-17T01:45:45" hostname="Namratas-MBP" time="0.023">
  <properties/>
  <testcase name="testCreateReadUpdate" classname="com.mindex.challenge.service.impl.EmployeeServiceImplTest" time="0.023"/>
  <system-out><![CDATA[2021-04-16 21:45:45.597  INFO 5232 --- [    Test worker] .b.t.c.SpringBootTestContextBootstrapper : Neither @ContextConfiguration nor @ContextHierarchy found for test class [com.mindex.challenge.service.impl.EmployeeServiceImplTest], using SpringBootContextLoader
2021-04-16 21:45:45.598  INFO 5232 --- [    Test worker] o.s.t.c.support.AbstractContextLoader    : Could not detect default resource locations for test class [com.mindex.challenge.service.impl.EmployeeServiceImplTest]: no resource found for suffixes {-context.xml, Context.groovy}.
2021-04-16 21:45:45.598  INFO 5232 --- [    Test worker] t.c.s.AnnotationConfigContextLoaderUtils : Could not detect default configuration classes for test class [com.mindex.challenge.service.impl.EmployeeServiceImplTest]: EmployeeServiceImplTest does not declare any static, non-private, non-final, nested classes annotated with @Configuration.
2021-04-16 21:45:45.599  INFO 5232 --- [    Test worker] .b.t.c.SpringBootTestContextBootstrapper : Found @SpringBootConfiguration com.mindex.challenge.ChallengeApplication for test class com.mindex.challenge.service.impl.EmployeeServiceImplTest
2021-04-16 21:45:45.600  INFO 5232 --- [    Test worker] .b.t.c.SpringBootTestContextBootstrapper : Loaded default TestExecutionListener class names from location [META-INF/spring.factories]: [org.springframework.boot.test.autoconfigure.restdocs.RestDocsTestExecutionListener, org.springframework.boot.test.autoconfigure.web.client.MockRestServiceServerResetTestExecutionListener, org.springframework.boot.test.autoconfigure.web.servlet.MockMvcPrintOnlyOnFailureTestExecutionListener, org.springframework.boot.test.autoconfigure.web.servlet.WebDriverTestExecutionListener, org.springframework.boot.test.mock.mockito.MockitoTestExecutionListener, org.springframework.boot.test.mock.mockito.ResetMocksTestExecutionListener, org.springframework.test.context.web.ServletTestExecutionListener, org.springframework.test.context.support.DirtiesContextBeforeModesTestExecutionListener, org.springframework.test.context.support.DependencyInjectionTestExecutionListener, org.springframework.test.context.support.DirtiesContextTestExecutionListener, org.springframework.test.context.transaction.TransactionalTestExecutionListener, org.springframework.test.context.jdbc.SqlScriptsTestExecutionListener, org.springframework.test.context.event.EventPublishingTestExecutionListener]
2021-04-16 21:45:45.600  INFO 5232 --- [    Test worker] .b.t.c.SpringBootTestContextBootstrapper : Using TestExecutionListeners: [org.springframework.test.context.web.ServletTestExecutionListener@45cff171, org.springframework.test.context.support.DirtiesContextBeforeModesTestExecutionListener@5d9be648, org.springframework.boot.test.mock.mockito.MockitoTestExecutionListener@61e4d6a3, org.springframework.boot.test.autoconfigure.SpringBootDependencyInjectionTestExecutionListener@75e5e1f7, org.springframework.test.context.support.DirtiesContextTestExecutionListener@4f1bc243, org.springframework.test.context.transaction.TransactionalTestExecutionListener@4db0c44e, org.springframework.test.context.jdbc.SqlScriptsTestExecutionListener@aa65295, org.springframework.test.context.event.EventPublishingTestExecutionListener@5096e06f, org.springframework.boot.test.autoconfigure.restdocs.RestDocsTestExecutionListener@410e29e4, org.springframework.boot.test.autoconfigure.web.client.MockRestServiceServerResetTestExecutionListener@a57073f, org.springframework.boot.test.autoconfigure.web.servlet.MockMvcPrintOnlyOnFailureTestExecutionListener@325dde1a, org.springframework.boot.test.autoconfigure.web.servlet.WebDriverTestExecutionListener@55afc5a6, org.springframework.boot.test.mock.mockito.ResetMocksTestExecutionListener@65de97fe]
2021-04-16 21:45:45.606 DEBUG 5232 --- [o-auto-1-exec-4] c.m.c.controller.EmployeeController      : Received employee create request for [com.mindex.challenge.data.Employee@3ffbfeff]
2021-04-16 21:45:45.607 DEBUG 5232 --- [o-auto-1-exec-4] c.m.c.service.impl.EmployeeServiceImpl   : Creating employee [com.mindex.challenge.data.Employee@3ffbfeff]
2021-04-16 21:45:45.614 DEBUG 5232 --- [o-auto-1-exec-5] c.m.c.controller.EmployeeController      : Received employee create request for id [7a16a795-0945-4185-8553-4477583e6757]
2021-04-16 21:45:45.614 DEBUG 5232 --- [o-auto-1-exec-5] c.m.c.service.impl.EmployeeServiceImpl   : Creating employee with id [7a16a795-0945-4185-8553-4477583e6757]
2021-04-16 21:45:45.620 DEBUG 5232 --- [o-auto-1-exec-6] c.m.c.controller.EmployeeController      : Received employee create request for id [7a16a795-0945-4185-8553-4477583e6757] and employee [com.mindex.challenge.data.Employee@c82b272]
2021-04-16 21:45:45.620 DEBUG 5232 --- [o-auto-1-exec-6] c.m.c.service.impl.EmployeeServiceImpl   : Updating employee [com.mindex.challenge.data.Employee@c82b272]
]]></system-out>
  <system-err><![CDATA[]]></system-err>
</testsuite>
