<?xml version="1.0" encoding="UTF-8"?>
<testsuite name="com.mindex.challenge.service.impl.ReportingStructureServiceImplTest" tests="1" skipped="0" failures="0" errors="0" timestamp="2021-04-17T01:45:45" hostname="Namratas-MBP" time="0.171">
  <properties/>
  <testcase name="testCreateReadUpdate" classname="com.mindex.challenge.service.impl.ReportingStructureServiceImplTest" time="0.171"/>
  <system-out><![CDATA[2021-04-16 21:45:44.512  INFO 5232 --- [    Test worker] .b.t.c.SpringBootTestContextBootstrapper : Neither @ContextConfiguration nor @ContextHierarchy found for test class [com.mindex.challenge.service.impl.ReportingStructureServiceImplTest], using SpringBootContextLoader
2021-04-16 21:45:44.513  INFO 5232 --- [    Test worker] o.s.t.c.support.AbstractContextLoader    : Could not detect default resource locations for test class [com.mindex.challenge.service.impl.ReportingStructureServiceImplTest]: no resource found for suffixes {-context.xml, Context.groovy}.
2021-04-16 21:45:44.513  INFO 5232 --- [    Test worker] t.c.s.AnnotationConfigContextLoaderUtils : Could not detect default configuration classes for test class [com.mindex.challenge.service.impl.ReportingStructureServiceImplTest]: ReportingStructureServiceImplTest does not declare any static, non-private, non-final, nested classes annotated with @Configuration.
2021-04-16 21:45:44.521  INFO 5232 --- [    Test worker] .b.t.c.SpringBootTestContextBootstrapper : Found @SpringBootConfiguration com.mindex.challenge.ChallengeApplication for test class com.mindex.challenge.service.impl.ReportingStructureServiceImplTest
2021-04-16 21:45:44.522  INFO 5232 --- [    Test worker] .b.t.c.SpringBootTestContextBootstrapper : Loaded default TestExecutionListener class names from location [META-INF/spring.factories]: [org.springframework.boot.test.autoconfigure.restdocs.RestDocsTestExecutionListener, org.springframework.boot.test.autoconfigure.web.client.MockRestServiceServerResetTestExecutionListener, org.springframework.boot.test.autoconfigure.web.servlet.MockMvcPrintOnlyOnFailureTestExecutionListener, org.springframework.boot.test.autoconfigure.web.servlet.WebDriverTestExecutionListener, org.springframework.boot.test.mock.mockito.MockitoTestExecutionListener, org.springframework.boot.test.mock.mockito.ResetMocksTestExecutionListener, org.springframework.test.context.web.ServletTestExecutionListener, org.springframework.test.context.support.DirtiesContextBeforeModesTestExecutionListener, org.springframework.test.context.support.DependencyInjectionTestExecutionListener, org.springframework.test.context.support.DirtiesContextTestExecutionListener, org.springframework.test.context.transaction.TransactionalTestExecutionListener, org.springframework.test.context.jdbc.SqlScriptsTestExecutionListener, org.springframework.test.context.event.EventPublishingTestExecutionListener]
2021-04-16 21:45:44.522  INFO 5232 --- [    Test worker] .b.t.c.SpringBootTestContextBootstrapper : Using TestExecutionListeners: [org.springframework.test.context.web.ServletTestExecutionListener@6056e1b5, org.springframework.test.context.support.DirtiesContextBeforeModesTestExecutionListener@3318f132, org.springframework.boot.test.mock.mockito.MockitoTestExecutionListener@1e52f43d, org.springframework.boot.test.autoconfigure.SpringBootDependencyInjectionTestExecutionListener@72868cef, org.springframework.test.context.support.DirtiesContextTestExecutionListener@250a8043, org.springframework.test.context.transaction.TransactionalTestExecutionListener@516f74b1, org.springframework.test.context.jdbc.SqlScriptsTestExecutionListener@581581bd, org.springframework.test.context.event.EventPublishingTestExecutionListener@1e329fa4, org.springframework.boot.test.autoconfigure.restdocs.RestDocsTestExecutionListener@6f4b1cb9, org.springframework.boot.test.autoconfigure.web.client.MockRestServiceServerResetTestExecutionListener@452b371d, org.springframework.boot.test.autoconfigure.web.servlet.MockMvcPrintOnlyOnFailureTestExecutionListener@31c74e6c, org.springframework.boot.test.autoconfigure.web.servlet.WebDriverTestExecutionListener@3b02284f, org.springframework.boot.test.mock.mockito.ResetMocksTestExecutionListener@c1b4542]

  .   ____          _            __ _ _
 /\\ / ___'_ __ _ _(_)_ __  __ _ \ \ \ \
( ( )\___ | '_ | '_| | '_ \/ _` | \ \ \ \
 \\/  ___)| |_)| | | | | || (_| |  ) ) ) )
  '  |____| .__|_| |_|_| |_\__, | / / / /
 =========|_|==============|___/=/_/_/_/
 :: Spring Boot ::        (v2.2.0.RELEASE)

2021-04-16 21:45:44.546  INFO 5232 --- [    Test worker] .c.s.i.ReportingStructureServiceImplTest : Starting ReportingStructureServiceImplTest on Namratas-MBP with PID 5232 (started by namratabakre in /Users/namratabakre/Desktop/Mindex-Java-Challenge)
2021-04-16 21:45:44.546 DEBUG 5232 --- [    Test worker] .c.s.i.ReportingStructureServiceImplTest : Running with Spring Boot v2.2.0.RELEASE, Spring v5.2.0.RELEASE
2021-04-16 21:45:44.546  INFO 5232 --- [    Test worker] .c.s.i.ReportingStructureServiceImplTest : No active profile set, falling back to default profiles: default
2021-04-16 21:45:44.645  INFO 5232 --- [    Test worker] .s.d.r.c.RepositoryConfigurationDelegate : Bootstrapping Spring Data repositories in DEFAULT mode.
2021-04-16 21:45:44.651  INFO 5232 --- [    Test worker] .s.d.r.c.RepositoryConfigurationDelegate : Finished Spring Data repository scanning in 5ms. Found 2 repository interfaces.
2021-04-16 21:45:44.861  INFO 5232 --- [    Test worker] o.s.b.w.embedded.tomcat.TomcatWebServer  : Tomcat initialized with port(s): 0 (http)
2021-04-16 21:45:44.873  INFO 5232 --- [    Test worker] o.apache.catalina.core.StandardService   : Starting service [Tomcat]
2021-04-16 21:45:44.873  INFO 5232 --- [    Test worker] org.apache.catalina.core.StandardEngine  : Starting Servlet engine: [Apache Tomcat/9.0.27]
2021-04-16 21:45:44.974  INFO 5232 --- [    Test worker] o.a.c.c.C.[Tomcat].[localhost].[/]       : Initializing Spring embedded WebApplicationContext
2021-04-16 21:45:44.974  INFO 5232 --- [    Test worker] o.s.web.context.ContextLoader            : Root WebApplicationContext: initialization completed in 425 ms
2021-04-16 21:45:45.063  INFO 5232 --- [    Test worker] de.bwaldvogel.mongo.MongoServer          : started MongoServer(port: 56301, ssl: false)
2021-04-16 21:45:45.065  INFO 5232 --- [    Test worker] org.mongodb.driver.cluster               : Cluster created with settings {hosts=[127.0.0.1:56301], mode=SINGLE, requiredClusterType=UNKNOWN, serverSelectionTimeout='30000 ms', maxWaitQueueSize=500}
2021-04-16 21:45:45.067  INFO 5232 --- [-server-worker1] d.b.mongo.wire.MongoWireProtocolHandler  : client [id: 0xcd56a6cb, L:/127.0.0.1:56301 - R:/127.0.0.1:56302] connected
2021-04-16 21:45:45.071  WARN 5232 --- [    Test worker] o.s.data.convert.CustomConversions       : Registering converter from class java.time.LocalDateTime to class java.time.Instant as reading converter although it doesn't convert from a store-supported type! You might wanna check you annotation setup at the converter implementation.
2021-04-16 21:45:45.071  WARN 5232 --- [    Test worker] o.s.data.convert.CustomConversions       : Registering converter from class java.time.Instant to class java.time.LocalDateTime as reading converter although it doesn't convert from a store-supported type! You might wanna check you annotation setup at the converter implementation.
2021-04-16 21:45:45.073  WARN 5232 --- [    Test worker] o.s.data.convert.CustomConversions       : Registering converter from class java.time.LocalDateTime to class java.time.Instant as reading converter although it doesn't convert from a store-supported type! You might wanna check you annotation setup at the converter implementation.
2021-04-16 21:45:45.074  WARN 5232 --- [    Test worker] o.s.data.convert.CustomConversions       : Registering converter from class java.time.Instant to class java.time.LocalDateTime as reading converter although it doesn't convert from a store-supported type! You might wanna check you annotation setup at the converter implementation.
2021-04-16 21:45:45.079  INFO 5232 --- [127.0.0.1:56301] org.mongodb.driver.connection            : Opened connection [connectionId{localValue:3}] to 127.0.0.1:56301
2021-04-16 21:45:45.081  INFO 5232 --- [127.0.0.1:56301] org.mongodb.driver.cluster               : Monitor thread successfully connected to server with description ServerDescription{address=127.0.0.1:56301, type=STANDALONE, state=CONNECTED, ok=true, version=ServerVersion{versionList=[3, 0, 0]}, minWireVersion=0, maxWireVersion=2, maxDocumentSize=16777216, logicalSessionTimeoutMinutes=null, roundTripTimeNanos=1241156}
2021-04-16 21:45:45.118  INFO 5232 --- [-server-worker2] d.b.mongo.wire.MongoWireProtocolHandler  : client [id: 0xadb81228, L:/127.0.0.1:56301 - R:/127.0.0.1:56303] connected
2021-04-16 21:45:45.128  INFO 5232 --- [    Test worker] org.mongodb.driver.connection            : Opened connection [connectionId{localValue:4}] to 127.0.0.1:56301
2021-04-16 21:45:45.129  INFO 5232 --- [-server-worker2] d.b.mongo.backend.AbstractMongoBackend   : created database test
2021-04-16 21:45:45.130  INFO 5232 --- [-server-worker2] d.b.mongo.backend.AbstractMongoDatabase  : adding unique _id index for collection employee
2021-04-16 21:45:45.130  INFO 5232 --- [-server-worker2] d.b.mongo.backend.AbstractMongoDatabase  : created collection test.employee
2021-04-16 21:45:45.244  INFO 5232 --- [    Test worker] o.s.s.concurrent.ThreadPoolTaskExecutor  : Initializing ExecutorService 'applicationTaskExecutor'
2021-04-16 21:45:45.315  WARN 5232 --- [    Test worker] o.s.data.convert.CustomConversions       : Registering converter from class java.time.LocalDateTime to class java.time.Instant as reading converter although it doesn't convert from a store-supported type! You might wanna check you annotation setup at the converter implementation.
2021-04-16 21:45:45.316  WARN 5232 --- [    Test worker] o.s.data.convert.CustomConversions       : Registering converter from class java.time.Instant to class java.time.LocalDateTime as reading converter although it doesn't convert from a store-supported type! You might wanna check you annotation setup at the converter implementation.
2021-04-16 21:45:45.325  WARN 5232 --- [    Test worker] o.s.data.convert.CustomConversions       : Registering converter from class java.time.LocalDateTime to class java.time.Instant as reading converter although it doesn't convert from a store-supported type! You might wanna check you annotation setup at the converter implementation.
2021-04-16 21:45:45.325  WARN 5232 --- [    Test worker] o.s.data.convert.CustomConversions       : Registering converter from class java.time.Instant to class java.time.LocalDateTime as reading converter although it doesn't convert from a store-supported type! You might wanna check you annotation setup at the converter implementation.
2021-04-16 21:45:45.378  INFO 5232 --- [    Test worker] o.s.b.w.embedded.tomcat.TomcatWebServer  : Tomcat started on port(s): 56304 (http) with context path ''
2021-04-16 21:45:45.379  INFO 5232 --- [    Test worker] .c.s.i.ReportingStructureServiceImplTest : Started ReportingStructureServiceImplTest in 0.855 seconds (JVM running for 4.436)
2021-04-16 21:45:45.471  INFO 5232 --- [o-auto-1-exec-1] o.a.c.c.C.[Tomcat].[localhost].[/]       : Initializing Spring DispatcherServlet 'dispatcherServlet'
2021-04-16 21:45:45.471  INFO 5232 --- [o-auto-1-exec-1] o.s.web.servlet.DispatcherServlet        : Initializing Servlet 'dispatcherServlet'
2021-04-16 21:45:45.492  INFO 5232 --- [o-auto-1-exec-1] o.s.web.servlet.DispatcherServlet        : Completed initialization in 21 ms
2021-04-16 21:45:45.518 DEBUG 5232 --- [o-auto-1-exec-1] c.m.c.c.ReportingStructureController     : Received employee read request for id [16a596ae-edd3-4847-99fe-c4518e82c86f]
2021-04-16 21:45:45.518 DEBUG 5232 --- [o-auto-1-exec-1] c.m.c.s.i.ReportingStructureServiceImpl  : Reading employee with id [16a596ae-edd3-4847-99fe-c4518e82c86f]
]]></system-out>
  <system-err><![CDATA[]]></system-err>
</testsuite>
